Traceback (most recent call last):
  File "/opt/hostedtoolcache/Python/3.7.15/x64/lib/python3.7/site-packages/jupyter_cache/executors/utils.py", line 56, in single_nb_execution
    record_timing=False,
  File "/opt/hostedtoolcache/Python/3.7.15/x64/lib/python3.7/site-packages/nbclient/client.py", line 1204, in execute
    return NotebookClient(nb=nb, resources=resources, km=km, **kwargs).execute()
  File "/opt/hostedtoolcache/Python/3.7.15/x64/lib/python3.7/site-packages/nbclient/util.py", line 84, in wrapped
    return just_run(coro(*args, **kwargs))
  File "/opt/hostedtoolcache/Python/3.7.15/x64/lib/python3.7/site-packages/nbclient/util.py", line 62, in just_run
    return loop.run_until_complete(coro)
  File "/opt/hostedtoolcache/Python/3.7.15/x64/lib/python3.7/asyncio/base_events.py", line 587, in run_until_complete
    return future.result()
  File "/opt/hostedtoolcache/Python/3.7.15/x64/lib/python3.7/site-packages/nbclient/client.py", line 664, in async_execute
    cell, index, execution_count=self.code_cells_executed + 1
  File "/opt/hostedtoolcache/Python/3.7.15/x64/lib/python3.7/site-packages/nbclient/client.py", line 965, in async_execute_cell
    await self._check_raise_for_error(cell, cell_index, exec_reply)
  File "/opt/hostedtoolcache/Python/3.7.15/x64/lib/python3.7/site-packages/nbclient/client.py", line 862, in _check_raise_for_error
    raise CellExecutionError.from_cell_and_msg(cell, exec_reply_content)
nbclient.exceptions.CellExecutionError: An error occurred while executing the following cell:
------------------
import urllib, json
params = urllib.parse.urlencode({
    'Name__istartswith': 'canadian',
    'STC__gt': 219, 'STC__lt': 221,
    'I_sc_ref__lt': 6})
with urllib.request.urlopen(f'https://pvfree.herokuapp.com/api/v1/cecmodule/?{params}') as fp:
    cs_220_mods = json.load(fp)
print(f"Total count of Canadian Solar 220-W with Isc < 6A: {cs_220_mods['meta']['total_count']}")
cs_220_mods['objects']
------------------

[0;31m---------------------------------------------------------------------------[0m
[0;31mHTTPError[0m                                 Traceback (most recent call last)
[0;32m/tmp/ipykernel_2123/4018253398.py[0m in [0;36m<module>[0;34m[0m
[1;32m      4[0m     [0;34m'STC__gt'[0m[0;34m:[0m [0;36m219[0m[0;34m,[0m [0;34m'STC__lt'[0m[0;34m:[0m [0;36m221[0m[0;34m,[0m[0;34m[0m[0;34m[0m[0m
[1;32m      5[0m     'I_sc_ref__lt': 6})
[0;32m----> 6[0;31m [0;32mwith[0m [0murllib[0m[0;34m.[0m[0mrequest[0m[0;34m.[0m[0murlopen[0m[0;34m([0m[0;34mf'https://pvfree.herokuapp.com/api/v1/cecmodule/?{params}'[0m[0;34m)[0m [0;32mas[0m [0mfp[0m[0;34m:[0m[0;34m[0m[0;34m[0m[0m
[0m[1;32m      7[0m     [0mcs_220_mods[0m [0;34m=[0m [0mjson[0m[0;34m.[0m[0mload[0m[0;34m([0m[0mfp[0m[0;34m)[0m[0;34m[0m[0;34m[0m[0m
[1;32m      8[0m [0mprint[0m[0;34m([0m[0;34mf"Total count of Canadian Solar 220-W with Isc < 6A: {cs_220_mods['meta']['total_count']}"[0m[0;34m)[0m[0;34m[0m[0;34m[0m[0m

[0;32m/opt/hostedtoolcache/Python/3.7.15/x64/lib/python3.7/urllib/request.py[0m in [0;36murlopen[0;34m(url, data, timeout, cafile, capath, cadefault, context)[0m
[1;32m    220[0m     [0;32melse[0m[0;34m:[0m[0;34m[0m[0;34m[0m[0m
[1;32m    221[0m         [0mopener[0m [0;34m=[0m [0m_opener[0m[0;34m[0m[0;34m[0m[0m
[0;32m--> 222[0;31m     [0;32mreturn[0m [0mopener[0m[0;34m.[0m[0mopen[0m[0;34m([0m[0murl[0m[0;34m,[0m [0mdata[0m[0;34m,[0m [0mtimeout[0m[0;34m)[0m[0;34m[0m[0;34m[0m[0m
[0m[1;32m    223[0m [0;34m[0m[0m
[1;32m    224[0m [0;32mdef[0m [0minstall_opener[0m[0;34m([0m[0mopener[0m[0;34m)[0m[0;34m:[0m[0;34m[0m[0;34m[0m[0m

[0;32m/opt/hostedtoolcache/Python/3.7.15/x64/lib/python3.7/urllib/request.py[0m in [0;36mopen[0;34m(self, fullurl, data, timeout)[0m
[1;32m    529[0m         [0;32mfor[0m [0mprocessor[0m [0;32min[0m [0mself[0m[0;34m.[0m[0mprocess_response[0m[0;34m.[0m[0mget[0m[0;34m([0m[0mprotocol[0m[0;34m,[0m [0;34m[[0m[0;34m][0m[0;34m)[0m[0;34m:[0m[0;34m[0m[0;34m[0m[0m
[1;32m    530[0m             [0mmeth[0m [0;34m=[0m [0mgetattr[0m[0;34m([0m[0mprocessor[0m[0;34m,[0m [0mmeth_name[0m[0;34m)[0m[0;34m[0m[0;34m[0m[0m
[0;32m--> 531[0;31m             [0mresponse[0m [0;34m=[0m [0mmeth[0m[0;34m([0m[0mreq[0m[0;34m,[0m [0mresponse[0m[0;34m)[0m[0;34m[0m[0;34m[0m[0m
[0m[1;32m    532[0m [0;34m[0m[0m
[1;32m    533[0m         [0;32mreturn[0m [0mresponse[0m[0;34m[0m[0;34m[0m[0m

[0;32m/opt/hostedtoolcache/Python/3.7.15/x64/lib/python3.7/urllib/request.py[0m in [0;36mhttp_response[0;34m(self, request, response)[0m
[1;32m    639[0m         [0;32mif[0m [0;32mnot[0m [0;34m([0m[0;36m200[0m [0;34m<=[0m [0mcode[0m [0;34m<[0m [0;36m300[0m[0;34m)[0m[0;34m:[0m[0;34m[0m[0;34m[0m[0m
[1;32m    640[0m             response = self.parent.error(
[0;32m--> 641[0;31m                 'http', request, response, code, msg, hdrs)
[0m[1;32m    642[0m [0;34m[0m[0m
[1;32m    643[0m         [0;32mreturn[0m [0mresponse[0m[0;34m[0m[0;34m[0m[0m

[0;32m/opt/hostedtoolcache/Python/3.7.15/x64/lib/python3.7/urllib/request.py[0m in [0;36merror[0;34m(self, proto, *args)[0m
[1;32m    567[0m         [0;32mif[0m [0mhttp_err[0m[0;34m:[0m[0;34m[0m[0;34m[0m[0m
[1;32m    568[0m             [0margs[0m [0;34m=[0m [0;34m([0m[0mdict[0m[0;34m,[0m [0;34m'default'[0m[0;34m,[0m [0;34m'http_error_default'[0m[0;34m)[0m [0;34m+[0m [0morig_args[0m[0;34m[0m[0;34m[0m[0m
[0;32m--> 569[0;31m             [0;32mreturn[0m [0mself[0m[0;34m.[0m[0m_call_chain[0m[0;34m([0m[0;34m*[0m[0margs[0m[0;34m)[0m[0;34m[0m[0;34m[0m[0m
[0m[1;32m    570[0m [0;34m[0m[0m
[1;32m    571[0m [0;31m# XXX probably also want an abstract factory that knows when it makes[0m[0;34m[0m[0;34m[0m[0;34m[0m[0m

[0;32m/opt/hostedtoolcache/Python/3.7.15/x64/lib/python3.7/urllib/request.py[0m in [0;36m_call_chain[0;34m(self, chain, kind, meth_name, *args)[0m
[1;32m    501[0m         [0;32mfor[0m [0mhandler[0m [0;32min[0m [0mhandlers[0m[0;34m:[0m[0;34m[0m[0;34m[0m[0m
[1;32m    502[0m             [0mfunc[0m [0;34m=[0m [0mgetattr[0m[0;34m([0m[0mhandler[0m[0;34m,[0m [0mmeth_name[0m[0;34m)[0m[0;34m[0m[0;34m[0m[0m
[0;32m--> 503[0;31m             [0mresult[0m [0;34m=[0m [0mfunc[0m[0;34m([0m[0;34m*[0m[0margs[0m[0;34m)[0m[0;34m[0m[0;34m[0m[0m
[0m[1;32m    504[0m             [0;32mif[0m [0mresult[0m [0;32mis[0m [0;32mnot[0m [0;32mNone[0m[0;34m:[0m[0;34m[0m[0;34m[0m[0m
[1;32m    505[0m                 [0;32mreturn[0m [0mresult[0m[0;34m[0m[0;34m[0m[0m

[0;32m/opt/hostedtoolcache/Python/3.7.15/x64/lib/python3.7/urllib/request.py[0m in [0;36mhttp_error_default[0;34m(self, req, fp, code, msg, hdrs)[0m
[1;32m    647[0m [0;32mclass[0m [0mHTTPDefaultErrorHandler[0m[0;34m([0m[0mBaseHandler[0m[0;34m)[0m[0;34m:[0m[0;34m[0m[0;34m[0m[0m
[1;32m    648[0m     [0;32mdef[0m [0mhttp_error_default[0m[0;34m([0m[0mself[0m[0;34m,[0m [0mreq[0m[0;34m,[0m [0mfp[0m[0;34m,[0m [0mcode[0m[0;34m,[0m [0mmsg[0m[0;34m,[0m [0mhdrs[0m[0;34m)[0m[0;34m:[0m[0;34m[0m[0;34m[0m[0m
[0;32m--> 649[0;31m         [0;32mraise[0m [0mHTTPError[0m[0;34m([0m[0mreq[0m[0;34m.[0m[0mfull_url[0m[0;34m,[0m [0mcode[0m[0;34m,[0m [0mmsg[0m[0;34m,[0m [0mhdrs[0m[0;34m,[0m [0mfp[0m[0;34m)[0m[0;34m[0m[0;34m[0m[0m
[0m[1;32m    650[0m [0;34m[0m[0m
[1;32m    651[0m [0;32mclass[0m [0mHTTPRedirectHandler[0m[0;34m([0m[0mBaseHandler[0m[0;34m)[0m[0;34m:[0m[0;34m[0m[0;34m[0m[0m

[0;31mHTTPError[0m: HTTP Error 404: Not Found
HTTPError: HTTP Error 404: Not Found

